<?xml version="1.0" encoding="UTF-8"?>
<testsuite time="11.834" failures="0" tests="1" name="FeatureList" >
  <testcase time="3.581" classname="FeatureList" name="Eco.setup" />
  <testcase time="8.244" classname="FeatureList" name="concombre.Main.feature" />
</testsuite>